Using pre-set license
Built from '2020.3/staging' branch; Version is '2020.3.3f1 (76626098c1c4) revision 7758432'; Using compiler version '192528614'; Build Type 'Release'
OS: 'Windows 10 Home; OS build 19042.928; Version 2009; 64bit' Language: 'en' Physical Memory: 8122 MB
BatchMode: 1, IsHumanControllingUs: 0, StartBugReporterOnCrash: 0, Is64bit: 1, IsPro: 0

 COMMAND LINE ARGUMENTS:
C:\Program Files\Unity\Hub\Editor\2020.3.3f1\Editor\Unity.exe
-adb2
-batchMode
-noUpm
-name
AssetImportWorker0
-projectPath
C:/Users/Korinne/OneDrive/Documents/Game Testing and Debugging/GameTestingandDebugging
-logFile
Logs/AssetImportWorker0.log
-srvPort
51112
Successfully changed project path to: C:/Users/Korinne/OneDrive/Documents/Game Testing and Debugging/GameTestingandDebugging
C:/Users/Korinne/OneDrive/Documents/Game Testing and Debugging/GameTestingandDebugging
Using Asset Import Pipeline V2.
Refreshing native plugins compatible for Editor in 38.93 ms, found 1 plugins.
Preloading 0 native plugins for Editor in 0.00 ms.
Initialize engine version: 2020.3.3f1 (76626098c1c4)
[Subsystems] Discovering subsystems at path C:/Program Files/Unity/Hub/Editor/2020.3.3f1/Editor/Data/Resources/UnitySubsystems
[Subsystems] Discovering subsystems at path C:/Users/Korinne/OneDrive/Documents/Game Testing and Debugging/GameTestingandDebugging/Assets
GfxDevice: creating device client; threaded=0
Direct3D:
    Version:  Direct3D 11.0 [level 11.1]
    Renderer: NVIDIA GeForce GTX 1660 Ti (ID=0x2182)
    Vendor:   
    VRAM:     5991 MB
    Driver:   27.21.14.6611
Initialize mono
Mono path[0] = 'C:/Program Files/Unity/Hub/Editor/2020.3.3f1/Editor/Data/Managed'
Mono path[1] = 'C:/Program Files/Unity/Hub/Editor/2020.3.3f1/Editor/Data/MonoBleedingEdge/lib/mono/unityjit'
Mono config path = 'C:/Program Files/Unity/Hub/Editor/2020.3.3f1/Editor/Data/MonoBleedingEdge/etc'
Using monoOptions --debugger-agent=transport=dt_socket,embedding=1,server=y,suspend=n,address=127.0.0.1:56512
Begin MonoManager ReloadAssembly
Registering precompiled unity dll's ...
Register platform support module: C:/Program Files/Unity/Hub/Editor/2020.3.3f1/Editor/Data/PlaybackEngines/WindowsStandaloneSupport/UnityEditor.WindowsStandalone.Extensions.dll
Registered in 0.002850 seconds.
Native extension for WindowsStandalone target not found
Refreshing native plugins compatible for Editor in 38.42 ms, found 1 plugins.
Preloading 0 native plugins for Editor in 0.00 ms.
Invoked RoslynAnalysisRunner static constructor.
RoslynAnalysisRunner will not be running.
RoslynAnalysisRunner has terminated.
Mono: successfully reloaded assembly
- Completed reload, in  1.256 seconds
Platform modules already initialized, skipping
Registering precompiled user dll's ...
Registered in 0.001334 seconds.
Begin MonoManager ReloadAssembly
Native extension for WindowsStandalone target not found
Refreshing native plugins compatible for Editor in 38.42 ms, found 1 plugins.
Preloading 0 native plugins for Editor in 0.00 ms.
Invoked RoslynAnalysisRunner static constructor.
RoslynAnalysisRunner will not be running.
RoslynAnalysisRunner has terminated.
Mono: successfully reloaded assembly
- Completed reload, in  1.062 seconds
Platform modules already initialized, skipping
========================================================================
Worker process is ready to serve import requests
Launched and connected shader compiler UnityShaderCompiler.exe after 0.05 seconds
Refreshing native plugins compatible for Editor in 0.33 ms, found 1 plugins.
Preloading 0 native plugins for Editor in 0.00 ms.
Unloading 1808 Unused Serialized files (Serialized files now loaded: 0)
System memory in use before: 85.4 MB.
System memory in use after: 85.4 MB.

Unloading 24 unused Assets to reduce memory usage. Loaded Objects now: 2250.
Total: 2.570400 ms (FindLiveObjects: 0.579700 ms CreateObjectMapping: 0.170300 ms MarkObjects: 1.689800 ms  DeleteObjects: 0.129400 ms)

========================================================================
Received Import Request.
  path: Assets/Scenes/Square.png
  artifactKey: Guid(ba63f9f3318081848b118c4e2b806674) Importer(815301076,1909f56bfc062723c751e8b465ee728b)
Start importing Assets/Scenes/Square.png using Guid(ba63f9f3318081848b118c4e2b806674) Importer(815301076,1909f56bfc062723c751e8b465ee728b)  -> (artifact id: '892de965da6d9adc6974457d2426227a') in 0.097669 seconds
  Import took 0.100440 seconds .

========================================================================
Received Import Request.
  Time since last request: 27.768352 seconds.
  path: Assets/Scenes/Capsule.png
  artifactKey: Guid(29446448c72053b478004babaed9ecd6) Importer(815301076,1909f56bfc062723c751e8b465ee728b)
Start importing Assets/Scenes/Capsule.png using Guid(29446448c72053b478004babaed9ecd6) Importer(815301076,1909f56bfc062723c751e8b465ee728b)  -> (artifact id: '4632160006c8160c482b3b8f5332505d') in 0.011521 seconds
  Import took 0.014900 seconds .

AssetImportWorkerClient::OnTransportError - code=2 error=End of file
